TN:
SF:channel.ts
FN:8,Channel
FN:13,get State
FN:17,send
FN:39,receive
FN:60,close
FN:69,Object.<anonymous>
FN:73,next
FN:85,ChannelError
FNF:8
FNH:6
FNDA:4,Channel
FNDA:4,get State
FNDA:5,send
FNDA:5,receive
FNDA:7,close
FNDA:0,Object.<anonymous>
FNDA:0,next
FNDA:2,ChannelError
DA:1,1
DA:2,1
DA:3,1
DA:4,1
DA:5,1
DA:6,1
DA:7,1
DA:8,4
DA:9,4
DA:10,4
DA:11,4
DA:12,4
DA:13,4
DA:14,4
DA:15,4
DA:16,4
DA:17,4
DA:18,5
DA:19,1
DA:20,1
DA:21,4
DA:22,5
DA:23,0
DA:24,0
DA:25,0
DA:26,0
DA:27,0
DA:28,0
DA:29,0
DA:30,0
DA:31,0
DA:32,0
DA:33,5
DA:34,4
DA:35,4
DA:36,4
DA:37,5
DA:38,4
DA:39,4
DA:40,5
DA:41,1
DA:42,1
DA:43,4
DA:44,4
DA:45,4
DA:46,4
DA:47,4
DA:48,2
DA:49,2
DA:50,4
DA:51,4
DA:52,4
DA:53,0
DA:54,0
DA:55,0
DA:56,0
DA:57,0
DA:58,0
DA:59,4
DA:60,4
DA:61,7
DA:62,4
DA:63,4
DA:64,0
DA:65,0
DA:66,4
DA:67,7
DA:68,4
DA:69,4
DA:70,0
DA:71,0
DA:72,4
DA:73,4
DA:74,0
DA:75,0
DA:76,0
DA:77,0
DA:78,0
DA:79,0
DA:80,0
DA:81,0
DA:82,4
DA:83,1
DA:84,1
DA:85,1
DA:86,2
DA:87,2
DA:88,2
DA:89,1
LF:89
LH:61
BRDA:1,0,0,1
BRDA:8,1,0,4
BRDA:13,2,0,4
BRDA:17,3,0,5
BRDA:18,4,0,1
BRDA:21,5,0,4
BRDA:22,6,0,0
BRDA:33,7,0,4
BRDA:39,8,0,5
BRDA:40,9,0,1
BRDA:43,10,0,4
BRDA:47,11,0,2
BRDA:53,12,0,0
BRDA:60,13,0,7
BRDA:61,14,0,4
BRDA:63,15,0,0
BRDA:85,16,0,2
BRF:17
BRH:14
end_of_record
